C51 COMPILER V9.51   MAIN                                                                  04/23/2025 15:01:03 PAGE 1   


C51 COMPILER V9.51, COMPILATION OF MODULE MAIN
OBJECT MODULE PLACED IN main.OBJ
COMPILER INVOKED BY: C:\Keil_v5\C51\BIN\C51.exe main.c DB OE BR INCDIR(C:\SiLabs\MCU\Inc,../App,../Os,../MCAL,../Service
                    -) SB CD LC OR NOAREGS LARGE OT(0,SPEED)

line level    source

   1          #include "Application.h"
*** WARNING C318 IN LINE 1 OF main.c: can't open file 'Application.h'
   2          
   3          int main(void){
   4   1          Os_start();
*** WARNING C206 IN LINE 4 OF main.c: 'Os_start': missing function-prototype
   5   1          return 0 ;
   6   1      }
C51 COMPILER V9.51   MAIN                                                                  04/23/2025 15:01:03 PAGE 2   

ASSEMBLY LISTING OF GENERATED OBJECT CODE


             ; FUNCTION main (BEGIN)
                                           ; SOURCE LINE # 3
                                           ; SOURCE LINE # 4
0000 120000      E     LCALL   Os_start
                                           ; SOURCE LINE # 5
0003 E4                CLR     A
0004 7E00              MOV     R6,#00H
0006 7F00              MOV     R7,#00H
                                           ; SOURCE LINE # 6
0008         ?C0001:
0008 22                RET     
             ; FUNCTION main (END)

C51 COMPILER V9.51   MAIN                                                                  04/23/2025 15:01:03 PAGE 3   

NAME                                    CLASS   MSPACE  TYPE    OFFSET  SIZE
====                                    =====   ======  ====    ======  ====


main . . . . . . . . . . . . . . . . .  PUBLIC   CODE   PROC     0000H  -----
Os_start . . . . . . . . . . . . . . .  EXTERN   CODE   PROC     -----  -----


MODULE INFORMATION:   STATIC OVERLAYABLE
   CODE SIZE        =      9    ----
   CONSTANT SIZE    =   ----    ----
   XDATA SIZE       =   ----    ----
   PDATA SIZE       =   ----    ----
   DATA SIZE        =   ----    ----
   IDATA SIZE       =   ----    ----
   BIT SIZE         =   ----    ----
END OF MODULE INFORMATION.


C51 COMPILATION COMPLETE.  2 WARNING(S),  0 ERROR(S)
